---------------------------------------------------------------------------
TxId	Txtype	Operation	ObId:Obvalue:optime	LockType	Status		TxStatus
T1	W 	BeginTx
T1	      	ReadTx		1:-1:9871		ReadLock	Granted		 P
T2	W 	BeginTx
T3	W 	BeginTx
T5	R 	BeginTx
T1	      	WriteTx		2:1:9871		WriteLock	Granted		 P
T3	      	WriteTx		6:1:6423		WriteLock	Granted		 P
T2	      	WriteTx		4:1:1225		WriteLock	Granted		 P
T1	      	ReadTx		3:-1:9871		ReadLock	Granted		 P
T3	      	WriteTx		7:1:6423		WriteLock	Granted		 P
T2	      	WriteTx		5:1:1225		WriteLock	Granted		 P
T1	      	WriteTx		8:1:9871		WriteLock	Granted		 P
T3	      	ReadTx		9:-1:6423		ReadLock	Granted		 P
T2	  	commitTx	5 : 1, T3	  	commitTx	4 : 1, 
T1	  	commitTx	8 : 1, 3 : -1, 2 : 1, 1 : -1, 
T5	      	ReadTx		1:-2:5457		ReadLock	Granted		 P
9 : -1, 7 : 1, 6 : 1, 
T5	      	ReadTx		2:0:5457		ReadLock	Granted		 P
T5	      	ReadTx		3:-2:5457		ReadLock	Granted		 P
T5	      	ReadTx		8:0:5457		ReadLock	Granted		 P
T5	      	ReadTx		6:0:5457		ReadLock	Granted		 P
T5	      	ReadTx		7:0:5457		ReadLock	Granted		 P
T5	  	commitTx	7 : 0, 6 : 0, 8 : 0, 3 : -2, 2 : 0, 
